<?xml version="1.0" encoding="UTF-8"?>
<!-- Generated by org.testng.reporters.JUnitReportReporter -->
<testsuite hostname="Pravin-DESKTOP" failures="0" tests="1" name="com.Salesforce.Scripts.CreateAndVerifyOpportunity" time="42.988" errors="0" timestamp="25 Oct 2022 09:06:20 GMT" skipped="0">
  <testcase classname="com.Salesforce.Scripts.CreateAndVerifyOpportunity" name="verifyOpportunities" time="42.988"/>
</testsuite> <!-- com.Salesforce.Scripts.CreateAndVerifyOpportunity -->
